<?xml version="1.0" encoding="UTF-8"?>
<!-- Generated by org.testng.reporters.JUnitXMLReporter -->
<testsuite ignored="0" hostname="KST-QA-2024-L" failures="0" tests="5" name="Surefire test" time="262.976" errors="0" timestamp="2024-07-09T17:42:25 ICT">
  <testcase classname="udemyselenium.tests.ErrorValidationsTest" name="LoginErrorValidation" time="0.551"/>
  <testcase classname="udemyselenium.tests.ErrorValidationsTest" name="ProductErrorValidation" time="13.834"/>
  <testcase classname="udemyselenium.tests.SubmitOrderTest" name="submitOrder" time="16.729"/>
  <testcase classname="udemyselenium.tests.SubmitOrderTest" name="submitOrder" time="16.775"/>
  <testcase classname="udemyselenium.tests.SubmitOrderTest" name="OrderHistoryTest" time="0.914"/>
</testsuite> <!-- Surefire test -->
