<?xml version="1.0" encoding="UTF-8"?>
<!-- Generated by org.testng.reporters.JUnitXMLReporter -->
<testsuite ignored="0" hostname="KST-QA-2024-L" failures="0" tests="3" name="Submit Order Test" time="62.178" errors="0" timestamp="2024-07-17T18:52:57 ICT">
  <testcase classname="udemyselenium.tests.SubmitOrderTest" name="submitOrder" time="6.536"/>
  <testcase classname="udemyselenium.tests.SubmitOrderTest" name="submitOrder" time="16.553"/>
  <testcase classname="udemyselenium.tests.SubmitOrderTest" name="OrderHistoryTest" time="0.748"/>
</testsuite> <!-- Submit Order Test -->
