<?xml version="1.0" encoding="UTF-8"?>
<testng-results ignored="0" total="5" passed="5" failed="0" skipped="0">
  <reporter-output>
  </reporter-output>
  <suite started-at="2024-07-09T17:38:02 ICT" name="Surefire suite" finished-at="2024-07-09T17:42:25 ICT" duration-ms="262976">
    <groups>
      <group name="ErrorHandling">
        <method signature="ErrorValidationsTest.LoginErrorValidation()[pri:0, instance:udemyselenium.tests.ErrorValidationsTest@5a955565]" name="LoginErrorValidation" class="udemyselenium.tests.ErrorValidationsTest"/>
      </group> <!-- ErrorHandling -->
      <group name="Purchase">
        <method signature="SubmitOrderTest.submitOrder(java.util.HashMap)[pri:0, instance:udemyselenium.tests.SubmitOrderTest@7fc2413d]" name="submitOrder" class="udemyselenium.tests.SubmitOrderTest"/>
      </group> <!-- Purchase -->
    </groups>
    <test started-at="2024-07-09T17:38:02 ICT" name="Surefire test" finished-at="2024-07-09T17:42:25 ICT" duration-ms="262976">
      <class name="udemyselenium.tests.SubmitOrderTest">
        <test-method is-config="true" signature="launchApplication()[pri:0, instance:udemyselenium.tests.SubmitOrderTest@7fc2413d]" started-at="2024-07-09T17:40:07 ICT" name="launchApplication" finished-at="2024-07-09T17:40:37 ICT" duration-ms="30275" status="PASS">
          <reporter-output>
          </reporter-output>
        </test-method> <!-- launchApplication -->
        <test-method signature="submitOrder(java.util.HashMap)[pri:0, instance:udemyselenium.tests.SubmitOrderTest@7fc2413d]" started-at="2024-07-09T17:40:37 ICT" name="submitOrder" data-provider="getData" finished-at="2024-07-09T17:40:54 ICT" duration-ms="16729" status="PASS">
          <params>
            <param index="0">
              <value>
                <![CDATA[{password=!Test1234, product=ZARA COAT 3, email=usersatu@mailinator.com}]]>
              </value>
            </param>
          </params>
          <reporter-output>
          </reporter-output>
        </test-method> <!-- submitOrder -->
        <test-method is-config="true" signature="tearDown()[pri:0, instance:udemyselenium.tests.SubmitOrderTest@7fc2413d]" started-at="2024-07-09T17:40:54 ICT" name="tearDown" finished-at="2024-07-09T17:40:54 ICT" duration-ms="97" status="PASS">
          <reporter-output>
          </reporter-output>
        </test-method> <!-- tearDown -->
        <test-method is-config="true" signature="launchApplication()[pri:0, instance:udemyselenium.tests.SubmitOrderTest@7fc2413d]" started-at="2024-07-09T17:40:54 ICT" name="launchApplication" finished-at="2024-07-09T17:41:24 ICT" duration-ms="30121" status="PASS">
          <reporter-output>
          </reporter-output>
        </test-method> <!-- launchApplication -->
        <test-method signature="submitOrder(java.util.HashMap)[pri:0, instance:udemyselenium.tests.SubmitOrderTest@7fc2413d]" started-at="2024-07-09T17:41:24 ICT" name="submitOrder" data-provider="getData" finished-at="2024-07-09T17:41:41 ICT" duration-ms="16775" status="PASS">
          <params>
            <param index="0">
              <value>
                <![CDATA[{password=!Test1234, product=ADIDAS ORIGINAL, email=userdua@mailinator.com}]]>
              </value>
            </param>
          </params>
          <reporter-output>
          </reporter-output>
        </test-method> <!-- submitOrder -->
        <test-method is-config="true" signature="tearDown()[pri:0, instance:udemyselenium.tests.SubmitOrderTest@7fc2413d]" started-at="2024-07-09T17:41:41 ICT" name="tearDown" finished-at="2024-07-09T17:41:41 ICT" duration-ms="92" status="PASS">
          <reporter-output>
          </reporter-output>
        </test-method> <!-- tearDown -->
        <test-method is-config="true" signature="launchApplication()[pri:0, instance:udemyselenium.tests.SubmitOrderTest@7fc2413d]" started-at="2024-07-09T17:41:41 ICT" name="launchApplication" finished-at="2024-07-09T17:42:24 ICT" duration-ms="42447" status="PASS">
          <reporter-output>
          </reporter-output>
        </test-method> <!-- launchApplication -->
        <test-method signature="OrderHistoryTest()[pri:0, instance:udemyselenium.tests.SubmitOrderTest@7fc2413d]" started-at="2024-07-09T17:42:24 ICT" name="OrderHistoryTest" finished-at="2024-07-09T17:42:25 ICT" depends-on-methods="udemyselenium.tests.SubmitOrderTest.submitOrder" duration-ms="914" status="PASS">
          <reporter-output>
          </reporter-output>
        </test-method> <!-- OrderHistoryTest -->
        <test-method is-config="true" signature="tearDown()[pri:0, instance:udemyselenium.tests.SubmitOrderTest@7fc2413d]" started-at="2024-07-09T17:42:25 ICT" name="tearDown" finished-at="2024-07-09T17:42:25 ICT" duration-ms="77" status="PASS">
          <reporter-output>
          </reporter-output>
        </test-method> <!-- tearDown -->
      </class> <!-- udemyselenium.tests.SubmitOrderTest -->
      <class name="udemyselenium.tests.ErrorValidationsTest">
        <test-method is-config="true" signature="launchApplication()[pri:0, instance:udemyselenium.tests.ErrorValidationsTest@5a955565]" started-at="2024-07-09T17:38:02 ICT" name="launchApplication" finished-at="2024-07-09T17:39:21 ICT" duration-ms="79115" status="PASS">
          <reporter-output>
          </reporter-output>
        </test-method> <!-- launchApplication -->
        <test-method signature="LoginErrorValidation()[pri:0, instance:udemyselenium.tests.ErrorValidationsTest@5a955565]" started-at="2024-07-09T17:39:21 ICT" name="LoginErrorValidation" finished-at="2024-07-09T17:39:21 ICT" duration-ms="551" status="PASS">
          <reporter-output>
          </reporter-output>
        </test-method> <!-- LoginErrorValidation -->
        <test-method is-config="true" signature="tearDown()[pri:0, instance:udemyselenium.tests.ErrorValidationsTest@5a955565]" started-at="2024-07-09T17:39:21 ICT" name="tearDown" finished-at="2024-07-09T17:39:21 ICT" duration-ms="108" status="PASS">
          <reporter-output>
          </reporter-output>
        </test-method> <!-- tearDown -->
        <test-method is-config="true" signature="launchApplication()[pri:0, instance:udemyselenium.tests.ErrorValidationsTest@5a955565]" started-at="2024-07-09T17:39:21 ICT" name="launchApplication" finished-at="2024-07-09T17:39:53 ICT" duration-ms="31388" status="PASS">
          <reporter-output>
          </reporter-output>
        </test-method> <!-- launchApplication -->
        <test-method signature="ProductErrorValidation()[pri:0, instance:udemyselenium.tests.ErrorValidationsTest@5a955565]" started-at="2024-07-09T17:39:53 ICT" name="ProductErrorValidation" finished-at="2024-07-09T17:40:07 ICT" duration-ms="13834" status="PASS">
          <reporter-output>
          </reporter-output>
        </test-method> <!-- ProductErrorValidation -->
        <test-method is-config="true" signature="tearDown()[pri:0, instance:udemyselenium.tests.ErrorValidationsTest@5a955565]" started-at="2024-07-09T17:40:07 ICT" name="tearDown" finished-at="2024-07-09T17:40:07 ICT" duration-ms="136" status="PASS">
          <reporter-output>
          </reporter-output>
        </test-method> <!-- tearDown -->
      </class> <!-- udemyselenium.tests.ErrorValidationsTest -->
    </test> <!-- Surefire test -->
  </suite> <!-- Surefire suite -->
</testng-results>
